<?xml version="1.0" encoding="UTF-8"?>
<!-- Generated by org.testng.reporters.JUnitXMLReporter -->
<testsuite ignored="0" hostname="143MAK" failures="0" tests="6" name="TestNG AnnotationTest1" time="0.076" errors="0" timestamp="2024-07-25T21:43:19 IST">
  <testcase classname="annotations.ClassOne" name="addToCartProductTest" time="0.006"/>
  <testcase classname="annotations.ClassOne" name="orderProductTest" time="0.002"/>
  <testcase classname="annotations.ClassOne" name="searchProductTest" time="0.001"/>
  <testcase classname="annotations.ClassTwo" name="addToCartProductTest" time="0.001"/>
  <testcase classname="annotations.ClassTwo" name="orderProductTest" time="0.002"/>
  <testcase classname="annotations.ClassTwo" name="searchProductTest" time="0.001"/>
</testsuite> <!-- TestNG AnnotationTest1 -->
